<?xml version="1.0" encoding="UTF-8"?>
<!-- Generated by org.testng.reporters.JUnitReportReporter -->
<testsuite ignored="0" hostname="DESKTOP-Q9KNP2H" failures="0" tests="1" name="pruebasesion1.NewTest" time="3.827" errors="0" timestamp="30 sep. 2023 16:34:02 GMT" skipped="0">
  <testcase classname="pruebasesion1.NewTest" name="f" time="3.827"/>
</testsuite> <!-- pruebasesion1.NewTest -->
